<?xml version="1.0" encoding="UTF-8"?>
<!-- Generated by org.testng.reporters.JUnitXMLReporter -->
<testsuite ignored="0" hostname="DESKTOP-V3ALF3J" failures="0" tests="40" name="Command line test" time="0.071" errors="0" timestamp="2021-12-16T22:31:46 OMST">
  <testcase classname="main.BeginStringFilterTest" name="testApplyFalse" time="0.005"/>
  <testcase classname="main.BeginStringFilterTest" name="testApplyOK" time="0.0"/>
  <testcase classname="main.BeginStringFilterTest" name="testGetPattern" time="0.0"/>
  <testcase classname="main.ContainsStringFilterTest" name="testApplyFalse" time="0.001"/>
  <testcase classname="main.ContainsStringFilterTest" name="testApplyOK" time="0.0"/>
  <testcase classname="main.ContainsStringFilterTest" name="testGetPattern" time="0.0"/>
  <testcase classname="main.EndStringFilterTest" name="testApplyFalse" time="0.0"/>
  <testcase classname="main.EndStringFilterTest" name="testApplyOK" time="0.0"/>
  <testcase classname="main.EndStringFilterTest" name="testGetPattern" time="0.0"/>
  <testcase classname="main.PackagedPieceProductTest" name="testGetCount" time="0.0"/>
  <testcase classname="main.PackagedPieceProductTest" name="testGetGrossWeight" time="0.0"/>
  <testcase classname="main.PackagedPieceProductTest" name="testGetNetWeight" time="0.0"/>
  <testcase classname="main.PackagedPieceProductTest" name="testGetProduct" time="0.001"/>
  <testcase classname="main.PackagedProductSetTest" name="testGetGrossWeight" time="0.004"/>
  <testcase classname="main.PackagedProductSetTest" name="testGetNetWeight" time="0.001"/>
  <testcase classname="main.PackagedProductSetTest" name="testGetProducts" time="0.0"/>
  <testcase classname="main.PackagedWeightProductTest" name="testConstructorNegativeWeight" time="0.0"/>
  <testcase classname="main.PackagedWeightProductTest" name="testGetGrossWeight" time="0.0"/>
  <testcase classname="main.PackagedWeightProductTest" name="testGetNetWeight" time="0.0"/>
  <testcase classname="main.PieceProductTest" name="testConstructorNegativeWeight" time="0.0"/>
  <testcase classname="main.ProductBatchTest" name="testGetDescription" time="0.001"/>
  <testcase classname="main.ProductBatchTest" name="testGetProducts" time="0.0"/>
  <testcase classname="main.ProductBatchTest" name="testGetWeight" time="0.001"/>
  <testcase classname="main.ProductPackagingTest" name="equalsTest" time="0.0"/>
  <testcase classname="main.ProductPackagingTest" name="getNameTest" time="0.0"/>
  <testcase classname="main.ProductPackagingTest" name="getWeightTest" time="0.0"/>
  <testcase classname="main.ProductPackagingTest" name="testConstructorNegativeWeight" time="0.0"/>
  <testcase classname="main.ProductPackagingTest" name="testConstructorNullName" time="0.0"/>
  <testcase classname="main.ProductPackagingTest" name="toStringTest" time="0.009"/>
  <testcase classname="main.ProductServiceTest" name="testCheckAllWeighted" time="0.001"/>
  <testcase classname="main.ProductServiceTest" name="testCounter" time="0.001"/>
  <testcase classname="main.ProductServiceTest" name="testDeepCounter" time="0.001"/>
  <testcase classname="main.ProductTest" name="equalsTest" time="0.0"/>
  <testcase classname="main.ProductTest" name="getNameTest" time="0.0"/>
  <testcase classname="main.ProductTest" name="getWeightTest" time="0.0"/>
  <testcase classname="main.ProductTest" name="testConstructorNullDescription" time="0.0"/>
  <testcase classname="main.ProductTest" name="testConstructorNullName" time="0.0"/>
  <testcase classname="main.ProductTest" name="toStringTest" time="0.0"/>
  <testcase classname="main.WeightProductTest" name="testConstructorNullDescription" time="0.0"/>
  <testcase classname="main.WeightProductTest" name="testConstructorNullName" time="0.0"/>
</testsuite> <!-- Command line test -->
